<?xml version="1.0" encoding="UTF-8"?>
<testsuite xmlns:xsi="http://www.w3.org/2001/XMLSchema-instance" xsi:noNamespaceSchemaLocation="https://maven.apache.org/surefire/maven-surefire-plugin/xsd/surefire-test-report-3.0.xsd" version="3.0" name="cn.qaiu.util.TestAESUtil" time="0.064" tests="11" errors="1" skipped="0" failures="1">
  <properties>
    <property name="socksProxyHost" value="127.0.0.1"/>
    <property name="http.proxyHost" value="127.0.0.1"/>
    <property name="java.specification.version" value="23"/>
    <property name="sun.jnu.encoding" value="UTF-8"/>
    <property name="java.class.path" value="/Users/q/IdeaProjects/mycode/parser/target/test-classes:/Users/q/IdeaProjects/mycode/parser/target/classes:/Users/q/.m2/repository/ch/qos/logback/logback-classic/1.5.19/logback-classic-1.5.19.jar:/Users/q/.m2/repository/ch/qos/logback/logback-core/1.5.19/logback-core-1.5.19.jar:/Users/q/.m2/repository/org/slf4j/slf4j-api/2.0.5/slf4j-api-2.0.5.jar:/Users/q/.m2/repository/com/squareup/okhttp3/okhttp/5.2.0/okhttp-5.2.0.jar:/Users/q/.m2/repository/org/jetbrains/kotlin/kotlin-stdlib/2.2.20/kotlin-stdlib-2.2.20.jar:/Users/q/.m2/repository/org/jetbrains/annotations/13.0/annotations-13.0.jar:/Users/q/.m2/repository/com/squareup/okio/okio/3.16.0/okio-3.16.0.jar:/Users/q/.m2/repository/com/squareup/okhttp3/okhttp-jvm/5.2.0/okhttp-jvm-5.2.0.jar:/Users/q/.m2/repository/com/squareup/okio/okio-jvm/3.16.0/okio-jvm-3.16.0.jar:/Users/q/.m2/repository/org/apache/commons/commons-lang3/3.18.0/commons-lang3-3.18.0.jar:/Users/q/.m2/repository/com/fasterxml/jackson/core/jackson-core/2.20.0/jackson-core-2.20.0.jar:/Users/q/.m2/repository/com/fasterxml/jackson/core/jackson-databind/2.20.0/jackson-databind-2.20.0.jar:/Users/q/.m2/repository/com/fasterxml/jackson/core/jackson-annotations/2.20/jackson-annotations-2.20.jar:/Users/q/.m2/repository/org/mozilla/rhino/1.8.0/rhino-1.8.0.jar:/Users/q/.m2/repository/org/brotli/dec/0.1.2/dec-0.1.2.jar:/Users/q/.m2/repository/junit/junit/4.13.2/junit-4.13.2.jar:/Users/q/.m2/repository/org/hamcrest/hamcrest-core/1.3/hamcrest-core-1.3.jar:/Users/q/.m2/repository/com/squareup/okhttp3/mockwebserver/5.2.0/mockwebserver-5.2.0.jar:/Users/q/.m2/repository/com/squareup/okhttp3/mockwebserver3/5.2.0/mockwebserver3-5.2.0.jar:"/>
    <property name="https.proxyPort" value="7890"/>
    <property name="java.vm.vendor" value="Homebrew"/>
    <property name="sun.arch.data.model" value="64"/>
    <property name="java.vendor.url" value="https://github.com/Homebrew/homebrew-core/issues"/>
    <property name="os.name" value="Mac OS X"/>
    <property name="java.vm.specification.version" value="23"/>
    <property name="sun.java.launcher" value="SUN_STANDARD"/>
    <property name="user.country" value="CN"/>
    <property name="sun.boot.library.path" value="/opt/homebrew/Cellar/openjdk/23.0.2/libexec/openjdk.jdk/Contents/Home/lib"/>
    <property name="sun.java.command" value="/Users/q/IdeaProjects/mycode/parser/target/surefire/surefirebooter-20251024180723017_3.jar /Users/q/IdeaProjects/mycode/parser/target/surefire 2025-10-24T18-07-22_973-jvmRun1 surefire-20251024180723017_1tmp surefire_0-20251024180723017_2tmp"/>
    <property name="http.nonProxyHosts" value="192.168.0.0/16|*.192.168.0.0/16|10.0.0.0/8|*.10.0.0.0/8|172.16.0.0/12|*.172.16.0.0/12|127.0.0.1|localhost|*.localhost|local|*.local|timestamp.apple.com|*.timestamp.apple.com|sequoia.apple.com|*.sequoia.apple.com|seed-sequoia.siri.apple.com|*.seed-sequoia.siri.apple.com"/>
    <property name="jdk.debug" value="release"/>
    <property name="surefire.test.class.path" value="/Users/q/IdeaProjects/mycode/parser/target/test-classes:/Users/q/IdeaProjects/mycode/parser/target/classes:/Users/q/.m2/repository/ch/qos/logback/logback-classic/1.5.19/logback-classic-1.5.19.jar:/Users/q/.m2/repository/ch/qos/logback/logback-core/1.5.19/logback-core-1.5.19.jar:/Users/q/.m2/repository/org/slf4j/slf4j-api/2.0.5/slf4j-api-2.0.5.jar:/Users/q/.m2/repository/com/squareup/okhttp3/okhttp/5.2.0/okhttp-5.2.0.jar:/Users/q/.m2/repository/org/jetbrains/kotlin/kotlin-stdlib/2.2.20/kotlin-stdlib-2.2.20.jar:/Users/q/.m2/repository/org/jetbrains/annotations/13.0/annotations-13.0.jar:/Users/q/.m2/repository/com/squareup/okio/okio/3.16.0/okio-3.16.0.jar:/Users/q/.m2/repository/com/squareup/okhttp3/okhttp-jvm/5.2.0/okhttp-jvm-5.2.0.jar:/Users/q/.m2/repository/com/squareup/okio/okio-jvm/3.16.0/okio-jvm-3.16.0.jar:/Users/q/.m2/repository/org/apache/commons/commons-lang3/3.18.0/commons-lang3-3.18.0.jar:/Users/q/.m2/repository/com/fasterxml/jackson/core/jackson-core/2.20.0/jackson-core-2.20.0.jar:/Users/q/.m2/repository/com/fasterxml/jackson/core/jackson-databind/2.20.0/jackson-databind-2.20.0.jar:/Users/q/.m2/repository/com/fasterxml/jackson/core/jackson-annotations/2.20/jackson-annotations-2.20.jar:/Users/q/.m2/repository/org/mozilla/rhino/1.8.0/rhino-1.8.0.jar:/Users/q/.m2/repository/org/brotli/dec/0.1.2/dec-0.1.2.jar:/Users/q/.m2/repository/junit/junit/4.13.2/junit-4.13.2.jar:/Users/q/.m2/repository/org/hamcrest/hamcrest-core/1.3/hamcrest-core-1.3.jar:/Users/q/.m2/repository/com/squareup/okhttp3/mockwebserver/5.2.0/mockwebserver-5.2.0.jar:/Users/q/.m2/repository/com/squareup/okhttp3/mockwebserver3/5.2.0/mockwebserver3-5.2.0.jar:"/>
    <property name="sun.cpu.endian" value="little"/>
    <property name="user.home" value="/Users/q"/>
    <property name="user.language" value="zh"/>
    <property name="java.specification.vendor" value="Oracle Corporation"/>
    <property name="java.version.date" value="2025-01-21"/>
    <property name="java.home" value="/opt/homebrew/Cellar/openjdk/23.0.2/libexec/openjdk.jdk/Contents/Home"/>
    <property name="file.separator" value="/"/>
    <property name="https.proxyHost" value="127.0.0.1"/>
    <property name="basedir" value="/Users/q/IdeaProjects/mycode/parser"/>
    <property name="java.vm.compressedOopsMode" value="Zero based"/>
    <property name="line.separator" value="&#10;"/>
    <property name="java.vm.specification.vendor" value="Oracle Corporation"/>
    <property name="java.specification.name" value="Java Platform API Specification"/>
    <property name="apple.awt.application.name" value="ForkedBooter"/>
    <property name="surefire.real.class.path" value="/Users/q/IdeaProjects/mycode/parser/target/surefire/surefirebooter-20251024180723017_3.jar"/>
    <property name="user.script" value="Hans"/>
    <property name="sun.management.compiler" value="HotSpot 64-Bit Tiered Compilers"/>
    <property name="ftp.nonProxyHosts" value="192.168.0.0/16|*.192.168.0.0/16|10.0.0.0/8|*.10.0.0.0/8|172.16.0.0/12|*.172.16.0.0/12|127.0.0.1|localhost|*.localhost|local|*.local|timestamp.apple.com|*.timestamp.apple.com|sequoia.apple.com|*.sequoia.apple.com|seed-sequoia.siri.apple.com|*.seed-sequoia.siri.apple.com"/>
    <property name="java.runtime.version" value="23.0.2"/>
    <property name="user.name" value="q"/>
    <property name="stdout.encoding" value="UTF-8"/>
    <property name="path.separator" value=":"/>
    <property name="os.version" value="15.6.1"/>
    <property name="java.runtime.name" value="OpenJDK Runtime Environment"/>
    <property name="file.encoding" value="UTF-8"/>
    <property name="java.vm.name" value="OpenJDK 64-Bit Server VM"/>
    <property name="java.vendor.version" value="Homebrew"/>
    <property name="localRepository" value="/Users/q/.m2/repository"/>
    <property name="java.vendor.url.bug" value="https://github.com/Homebrew/homebrew-core/issues"/>
    <property name="java.io.tmpdir" value="/var/folders/nj/ggbwjxz93yq3kchh9m93452m0000gn/T/"/>
    <property name="java.version" value="23.0.2"/>
    <property name="user.dir" value="/Users/q/IdeaProjects/mycode/parser"/>
    <property name="os.arch" value="aarch64"/>
    <property name="socksProxyPort" value="7890"/>
    <property name="java.vm.specification.name" value="Java Virtual Machine Specification"/>
    <property name="native.encoding" value="UTF-8"/>
    <property name="java.library.path" value="/Users/q/Library/Java/Extensions:/Library/Java/Extensions:/Network/Library/Java/Extensions:/System/Library/Java/Extensions:/usr/lib/java:."/>
    <property name="java.vm.info" value="mixed mode, sharing"/>
    <property name="stderr.encoding" value="UTF-8"/>
    <property name="java.vendor" value="Homebrew"/>
    <property name="java.vm.version" value="23.0.2"/>
    <property name="sun.io.unicode.encoding" value="UnicodeBig"/>
    <property name="socksNonProxyHosts" value="192.168.0.0/16|*.192.168.0.0/16|10.0.0.0/8|*.10.0.0.0/8|172.16.0.0/12|*.172.16.0.0/12|127.0.0.1|localhost|*.localhost|local|*.local|timestamp.apple.com|*.timestamp.apple.com|sequoia.apple.com|*.sequoia.apple.com|seed-sequoia.siri.apple.com|*.seed-sequoia.siri.apple.com"/>
    <property name="java.class.version" value="67.0"/>
    <property name="http.proxyPort" value="7890"/>
  </properties>
  <testcase name="base64AES" classname="cn.qaiu.util.TestAESUtil" time="0.032">
    <system-out><![CDATA[8cb2e2df3bd3533a9a7ebbe532d051b7
5d56cf3ed43809b5da19589819d633bc3c1fa6a0a510b51f
da64cb581b4188e3b99453bb2a920b4c8b1e3f9f2fd5d30d5b06af9c46e573ba
]]></system-out>
  </testcase>
  <testcase name="decode" classname="cn.qaiu.util.TestAESUtil" time="0.0">
    <failure message="expected:&lt;[B4C5B9833113ACA41F16AABADE17349C]&gt; but was:&lt;[D8JG+H2INX94ZVHHRLNSM3OY59DH2QQJXQ0GGKJSL+MJCLBCCITJV3AMKPY6WCBV4HNQK5+HN2J1ETRXPQQF4P28E3FTSGRCXVN80CLS+XQPFNY/9XUYF2BVBEQ5JJU1IBCXGSZMEO8ZU0/VGS3YNEDSHTJG92QSRRY8I4A+SHIHZBSZ0/0KOL1VPD/K4TAYVSI9YJVFOI7Z9MJJ8EK8RVUPLURJYGKJEVRFVREN7XQ67PR+YZOVK72YTZKLHDZ5JVPLGLOY2IWTTSTBTVTNOI9TSE6SSPTRHV16CXZYZQY=]&gt;" type="org.junit.ComparisonFailure"><![CDATA[org.junit.ComparisonFailure: expected:<[B4C5B9833113ACA41F16AABADE17349C]> but was:<[D8JG+H2INX94ZVHHRLNSM3OY59DH2QQJXQ0GGKJSL+MJCLBCCITJV3AMKPY6WCBV4HNQK5+HN2J1ETRXPQQF4P28E3FTSGRCXVN80CLS+XQPFNY/9XUYF2BVBEQ5JJU1IBCXGSZMEO8ZU0/VGS3YNEDSHTJG92QSRRY8I4A+SHIHZBSZ0/0KOL1VPD/K4TAYVSI9YJVFOI7Z9MJJ8EK8RVUPLURJYGKJEVRFVREN7XQ67PR+YZOVK72YTZKLHDZ5JVPLGLOY2IWTTSTBTVTNOI9TSE6SSPTRHV16CXZYZQY=]>
	at org.junit.Assert.assertEquals(Assert.java:117)
	at org.junit.Assert.assertEquals(Assert.java:146)
	at cn.qaiu.util.TestAESUtil.decode(TestAESUtil.java:26)
	at java.base/jdk.internal.reflect.DirectMethodHandleAccessor.invoke(DirectMethodHandleAccessor.java:103)
	at java.base/java.lang.reflect.Method.invoke(Method.java:580)
	at org.junit.runners.model.FrameworkMethod$1.runReflectiveCall(FrameworkMethod.java:59)
	at org.junit.internal.runners.model.ReflectiveCallable.run(ReflectiveCallable.java:12)
	at org.junit.runners.model.FrameworkMethod.invokeExplosively(FrameworkMethod.java:56)
	at org.junit.internal.runners.statements.InvokeMethod.evaluate(InvokeMethod.java:17)
	at org.junit.runners.ParentRunner$3.evaluate(ParentRunner.java:306)
	at org.junit.runners.BlockJUnit4ClassRunner$1.evaluate(BlockJUnit4ClassRunner.java:100)
	at org.junit.runners.ParentRunner.runLeaf(ParentRunner.java:366)
	at org.junit.runners.BlockJUnit4ClassRunner.runChild(BlockJUnit4ClassRunner.java:103)
	at org.junit.runners.BlockJUnit4ClassRunner.runChild(BlockJUnit4ClassRunner.java:63)
	at org.junit.runners.ParentRunner$4.run(ParentRunner.java:331)
	at org.junit.runners.ParentRunner$1.schedule(ParentRunner.java:79)
	at org.junit.runners.ParentRunner.runChildren(ParentRunner.java:329)
	at org.junit.runners.ParentRunner.access$100(ParentRunner.java:66)
	at org.junit.runners.ParentRunner$2.evaluate(ParentRunner.java:293)
	at org.junit.runners.ParentRunner$3.evaluate(ParentRunner.java:306)
	at org.junit.runners.ParentRunner.run(ParentRunner.java:413)
	at org.apache.maven.surefire.junit4.JUnit4Provider.execute(JUnit4Provider.java:316)
	at org.apache.maven.surefire.junit4.JUnit4Provider.executeWithRerun(JUnit4Provider.java:240)
	at org.apache.maven.surefire.junit4.JUnit4Provider.executeTestSet(JUnit4Provider.java:214)
	at org.apache.maven.surefire.junit4.JUnit4Provider.invoke(JUnit4Provider.java:155)
	at org.apache.maven.surefire.booter.ForkedBooter.runSuitesInProcess(ForkedBooter.java:385)
	at org.apache.maven.surefire.booter.ForkedBooter.execute(ForkedBooter.java:162)
	at org.apache.maven.surefire.booter.ForkedBooter.run(ForkedBooter.java:507)
	at org.apache.maven.surefire.booter.ForkedBooter.main(ForkedBooter.java:495)
]]></failure>
    <system-out><![CDATA[D8jg+H2iNX94zvHhRLnSM3oy59dH2QQjxQ0GgKJSL+mJclbCcItjV3AmkPY6WcbV4hNQk5+hN2J1eTrxPQqF4p28e3FTsGRCXVN80CLS+XqpFNY/9xuyf2bvbeq5JJU1IBCXgSZmEo8zu0/VGS3YNeDsHtjg92QSrRY8i4A+shihZBSz0/0KOL1VPd/K4tAYvsI9YjVFOI7z9mJJ8Ek8rVUplurJyGkjevRfvReN7xQ67PR+yZovk72yTZKlHDz5jVpLGLOy2iwTTSTbTvtnOi9TSE6sSPtRHv16cxZYZQY=
]]></system-out>
  </testcase>
  <testcase name="encode" classname="cn.qaiu.util.TestAESUtil" time="0.0">
    <error message="Given final block not properly padded. Such issues can arise if a bad key is used during decryption." type="javax.crypto.BadPaddingException"><![CDATA[javax.crypto.BadPaddingException: Given final block not properly padded. Such issues can arise if a bad key is used during decryption.
	at java.base/com.sun.crypto.provider.CipherCore.unpad(CipherCore.java:861)
	at java.base/com.sun.crypto.provider.CipherCore.fillOutputBuffer(CipherCore.java:941)
	at java.base/com.sun.crypto.provider.CipherCore.doFinal(CipherCore.java:734)
	at java.base/com.sun.crypto.provider.AESCipher.engineDoFinal(AESCipher.java:446)
	at java.base/javax.crypto.Cipher.doFinal(Cipher.java:2251)
	at cn.qaiu.util.AESUtils.decryptByAES(AESUtils.java:189)
	at cn.qaiu.util.AESUtils.decryptByAES(AESUtils.java:182)
	at cn.qaiu.util.AESUtils.decryptByHexAES(AESUtils.java:201)
	at cn.qaiu.util.TestAESUtil.encode(TestAESUtil.java:32)
	at java.base/jdk.internal.reflect.DirectMethodHandleAccessor.invoke(DirectMethodHandleAccessor.java:103)
	at java.base/java.lang.reflect.Method.invoke(Method.java:580)
	at org.junit.runners.model.FrameworkMethod$1.runReflectiveCall(FrameworkMethod.java:59)
	at org.junit.internal.runners.model.ReflectiveCallable.run(ReflectiveCallable.java:12)
	at org.junit.runners.model.FrameworkMethod.invokeExplosively(FrameworkMethod.java:56)
	at org.junit.internal.runners.statements.InvokeMethod.evaluate(InvokeMethod.java:17)
	at org.junit.runners.ParentRunner$3.evaluate(ParentRunner.java:306)
	at org.junit.runners.BlockJUnit4ClassRunner$1.evaluate(BlockJUnit4ClassRunner.java:100)
	at org.junit.runners.ParentRunner.runLeaf(ParentRunner.java:366)
	at org.junit.runners.BlockJUnit4ClassRunner.runChild(BlockJUnit4ClassRunner.java:103)
	at org.junit.runners.BlockJUnit4ClassRunner.runChild(BlockJUnit4ClassRunner.java:63)
	at org.junit.runners.ParentRunner$4.run(ParentRunner.java:331)
	at org.junit.runners.ParentRunner$1.schedule(ParentRunner.java:79)
	at org.junit.runners.ParentRunner.runChildren(ParentRunner.java:329)
	at org.junit.runners.ParentRunner.access$100(ParentRunner.java:66)
	at org.junit.runners.ParentRunner$2.evaluate(ParentRunner.java:293)
	at org.junit.runners.ParentRunner$3.evaluate(ParentRunner.java:306)
	at org.junit.runners.ParentRunner.run(ParentRunner.java:413)
	at org.apache.maven.surefire.junit4.JUnit4Provider.execute(JUnit4Provider.java:316)
	at org.apache.maven.surefire.junit4.JUnit4Provider.executeWithRerun(JUnit4Provider.java:240)
	at org.apache.maven.surefire.junit4.JUnit4Provider.executeTestSet(JUnit4Provider.java:214)
	at org.apache.maven.surefire.junit4.JUnit4Provider.invoke(JUnit4Provider.java:155)
	at org.apache.maven.surefire.booter.ForkedBooter.runSuitesInProcess(ForkedBooter.java:385)
	at org.apache.maven.surefire.booter.ForkedBooter.execute(ForkedBooter.java:162)
	at org.apache.maven.surefire.booter.ForkedBooter.run(ForkedBooter.java:507)
	at org.apache.maven.surefire.booter.ForkedBooter.main(ForkedBooter.java:495)
]]></error>
  </testcase>
  <testcase name="testKeyAuth" classname="cn.qaiu.util.TestAESUtil" time="0.008">
    <system-out><![CDATA[1761300443-658835-af08368cf767cc4842fa83a129f38893
1761300443-8983934-79607f1dc930a71d1cf82bb74f09f2b
1761300443-834151-4294872d91c9d305c0c9557f2eae300d
]]></system-out>
  </testcase>
  <testcase name="testAES2" classname="cn.qaiu.util.TestAESUtil" time="0.001">
    <system-out><![CDATA[uSKx0jYmE9AIx/rMYU6m/A==
uSKx0jYmE9AIx/rMYU6m/A==
]]></system-out>
  </testcase>
  <testcase name="test00" classname="cn.qaiu.util.TestAESUtil" time="0.0">
    <system-out><![CDATA[dingHao-disk-app
]]></system-out>
  </testcase>
  <testcase name="testTs" classname="cn.qaiu.util.TestAESUtil" time="0.0">
    <system-out><![CDATA[1761300443231
]]></system-out>
  </testcase>
  <testcase name="testIdDecode" classname="cn.qaiu.util.TestAESUtil" time="0.0"/>
  <testcase name="toHex" classname="cn.qaiu.util.TestAESUtil" time="0.0"/>
  <testcase name="testRandom" classname="cn.qaiu.util.TestAESUtil" time="0.0">
    <system-out><![CDATA[0dgq7t30ge
azbtozv911
xosvlir3cj
4p7pbid6g6
]]></system-out>
  </testcase>
  <testcase name="testIzIdDecode" classname="cn.qaiu.util.TestAESUtil" time="0.0"/>
</testsuite>