<?xml version="1.0" encoding="UTF-8"?>
<testsuite xmlns:xsi="http://www.w3.org/2001/XMLSchema-instance" xsi:noNamespaceSchemaLocation="https://maven.apache.org/surefire/maven-surefire-plugin/xsd/surefire-test-report-3.0.xsd" version="3.0" name="cn.qaiu.util.AcwScV2GeneratorTest" time="0.0" tests="1" errors="0" skipped="0" failures="0">
  <properties>
    <property name="socksProxyHost" value="127.0.0.1"/>
    <property name="http.proxyHost" value="127.0.0.1"/>
    <property name="java.specification.version" value="23"/>
    <property name="sun.jnu.encoding" value="UTF-8"/>
    <property name="java.class.path" value="/Users/q/IdeaProjects/mycode/parser/target/test-classes:/Users/q/IdeaProjects/mycode/parser/target/classes:/Users/q/.m2/repository/ch/qos/logback/logback-classic/1.5.19/logback-classic-1.5.19.jar:/Users/q/.m2/repository/ch/qos/logback/logback-core/1.5.19/logback-core-1.5.19.jar:/Users/q/.m2/repository/org/slf4j/slf4j-api/2.0.5/slf4j-api-2.0.5.jar:/Users/q/.m2/repository/com/squareup/okhttp3/okhttp/5.2.0/okhttp-5.2.0.jar:/Users/q/.m2/repository/org/jetbrains/kotlin/kotlin-stdlib/2.2.20/kotlin-stdlib-2.2.20.jar:/Users/q/.m2/repository/org/jetbrains/annotations/13.0/annotations-13.0.jar:/Users/q/.m2/repository/com/squareup/okio/okio/3.16.0/okio-3.16.0.jar:/Users/q/.m2/repository/com/squareup/okhttp3/okhttp-jvm/5.2.0/okhttp-jvm-5.2.0.jar:/Users/q/.m2/repository/com/squareup/okio/okio-jvm/3.16.0/okio-jvm-3.16.0.jar:/Users/q/.m2/repository/org/apache/commons/commons-lang3/3.18.0/commons-lang3-3.18.0.jar:/Users/q/.m2/repository/com/fasterxml/jackson/core/jackson-core/2.20.0/jackson-core-2.20.0.jar:/Users/q/.m2/repository/com/fasterxml/jackson/core/jackson-databind/2.20.0/jackson-databind-2.20.0.jar:/Users/q/.m2/repository/com/fasterxml/jackson/core/jackson-annotations/2.20/jackson-annotations-2.20.jar:/Users/q/.m2/repository/org/mozilla/rhino/1.8.0/rhino-1.8.0.jar:/Users/q/.m2/repository/org/brotli/dec/0.1.2/dec-0.1.2.jar:/Users/q/.m2/repository/junit/junit/4.13.2/junit-4.13.2.jar:/Users/q/.m2/repository/org/hamcrest/hamcrest-core/1.3/hamcrest-core-1.3.jar:/Users/q/.m2/repository/com/squareup/okhttp3/mockwebserver/5.2.0/mockwebserver-5.2.0.jar:/Users/q/.m2/repository/com/squareup/okhttp3/mockwebserver3/5.2.0/mockwebserver3-5.2.0.jar:"/>
    <property name="https.proxyPort" value="7890"/>
    <property name="java.vm.vendor" value="Homebrew"/>
    <property name="sun.arch.data.model" value="64"/>
    <property name="java.vendor.url" value="https://github.com/Homebrew/homebrew-core/issues"/>
    <property name="user.timezone" value="Asia/Shanghai"/>
    <property name="os.name" value="Mac OS X"/>
    <property name="java.vm.specification.version" value="23"/>
    <property name="sun.java.launcher" value="SUN_STANDARD"/>
    <property name="user.country" value="CN"/>
    <property name="sun.boot.library.path" value="/opt/homebrew/Cellar/openjdk/23.0.2/libexec/openjdk.jdk/Contents/Home/lib"/>
    <property name="sun.java.command" value="/Users/q/IdeaProjects/mycode/parser/target/surefire/surefirebooter-20251024180723017_3.jar /Users/q/IdeaProjects/mycode/parser/target/surefire 2025-10-24T18-07-22_973-jvmRun1 surefire-20251024180723017_1tmp surefire_0-20251024180723017_2tmp"/>
    <property name="http.nonProxyHosts" value="192.168.0.0/16|*.192.168.0.0/16|10.0.0.0/8|*.10.0.0.0/8|172.16.0.0/12|*.172.16.0.0/12|127.0.0.1|localhost|*.localhost|local|*.local|timestamp.apple.com|*.timestamp.apple.com|sequoia.apple.com|*.sequoia.apple.com|seed-sequoia.siri.apple.com|*.seed-sequoia.siri.apple.com"/>
    <property name="jdk.debug" value="release"/>
    <property name="surefire.test.class.path" value="/Users/q/IdeaProjects/mycode/parser/target/test-classes:/Users/q/IdeaProjects/mycode/parser/target/classes:/Users/q/.m2/repository/ch/qos/logback/logback-classic/1.5.19/logback-classic-1.5.19.jar:/Users/q/.m2/repository/ch/qos/logback/logback-core/1.5.19/logback-core-1.5.19.jar:/Users/q/.m2/repository/org/slf4j/slf4j-api/2.0.5/slf4j-api-2.0.5.jar:/Users/q/.m2/repository/com/squareup/okhttp3/okhttp/5.2.0/okhttp-5.2.0.jar:/Users/q/.m2/repository/org/jetbrains/kotlin/kotlin-stdlib/2.2.20/kotlin-stdlib-2.2.20.jar:/Users/q/.m2/repository/org/jetbrains/annotations/13.0/annotations-13.0.jar:/Users/q/.m2/repository/com/squareup/okio/okio/3.16.0/okio-3.16.0.jar:/Users/q/.m2/repository/com/squareup/okhttp3/okhttp-jvm/5.2.0/okhttp-jvm-5.2.0.jar:/Users/q/.m2/repository/com/squareup/okio/okio-jvm/3.16.0/okio-jvm-3.16.0.jar:/Users/q/.m2/repository/org/apache/commons/commons-lang3/3.18.0/commons-lang3-3.18.0.jar:/Users/q/.m2/repository/com/fasterxml/jackson/core/jackson-core/2.20.0/jackson-core-2.20.0.jar:/Users/q/.m2/repository/com/fasterxml/jackson/core/jackson-databind/2.20.0/jackson-databind-2.20.0.jar:/Users/q/.m2/repository/com/fasterxml/jackson/core/jackson-annotations/2.20/jackson-annotations-2.20.jar:/Users/q/.m2/repository/org/mozilla/rhino/1.8.0/rhino-1.8.0.jar:/Users/q/.m2/repository/org/brotli/dec/0.1.2/dec-0.1.2.jar:/Users/q/.m2/repository/junit/junit/4.13.2/junit-4.13.2.jar:/Users/q/.m2/repository/org/hamcrest/hamcrest-core/1.3/hamcrest-core-1.3.jar:/Users/q/.m2/repository/com/squareup/okhttp3/mockwebserver/5.2.0/mockwebserver-5.2.0.jar:/Users/q/.m2/repository/com/squareup/okhttp3/mockwebserver3/5.2.0/mockwebserver3-5.2.0.jar:"/>
    <property name="sun.cpu.endian" value="little"/>
    <property name="user.home" value="/Users/q"/>
    <property name="user.language" value="zh"/>
    <property name="java.specification.vendor" value="Oracle Corporation"/>
    <property name="java.version.date" value="2025-01-21"/>
    <property name="java.home" value="/opt/homebrew/Cellar/openjdk/23.0.2/libexec/openjdk.jdk/Contents/Home"/>
    <property name="file.separator" value="/"/>
    <property name="https.proxyHost" value="127.0.0.1"/>
    <property name="basedir" value="/Users/q/IdeaProjects/mycode/parser"/>
    <property name="java.vm.compressedOopsMode" value="Zero based"/>
    <property name="line.separator" value="&#10;"/>
    <property name="java.vm.specification.vendor" value="Oracle Corporation"/>
    <property name="java.specification.name" value="Java Platform API Specification"/>
    <property name="apple.awt.application.name" value="ForkedBooter"/>
    <property name="surefire.real.class.path" value="/Users/q/IdeaProjects/mycode/parser/target/surefire/surefirebooter-20251024180723017_3.jar"/>
    <property name="user.script" value="Hans"/>
    <property name="sun.management.compiler" value="HotSpot 64-Bit Tiered Compilers"/>
    <property name="ftp.nonProxyHosts" value="192.168.0.0/16|*.192.168.0.0/16|10.0.0.0/8|*.10.0.0.0/8|172.16.0.0/12|*.172.16.0.0/12|127.0.0.1|localhost|*.localhost|local|*.local|timestamp.apple.com|*.timestamp.apple.com|sequoia.apple.com|*.sequoia.apple.com|seed-sequoia.siri.apple.com|*.seed-sequoia.siri.apple.com"/>
    <property name="java.runtime.version" value="23.0.2"/>
    <property name="user.name" value="q"/>
    <property name="stdout.encoding" value="UTF-8"/>
    <property name="path.separator" value=":"/>
    <property name="os.version" value="15.6.1"/>
    <property name="java.runtime.name" value="OpenJDK Runtime Environment"/>
    <property name="file.encoding" value="UTF-8"/>
    <property name="java.vm.name" value="OpenJDK 64-Bit Server VM"/>
    <property name="java.vendor.version" value="Homebrew"/>
    <property name="localRepository" value="/Users/q/.m2/repository"/>
    <property name="java.vendor.url.bug" value="https://github.com/Homebrew/homebrew-core/issues"/>
    <property name="java.io.tmpdir" value="/var/folders/nj/ggbwjxz93yq3kchh9m93452m0000gn/T/"/>
    <property name="java.version" value="23.0.2"/>
    <property name="user.dir" value="/Users/q/IdeaProjects/mycode/parser"/>
    <property name="os.arch" value="aarch64"/>
    <property name="socksProxyPort" value="7890"/>
    <property name="java.vm.specification.name" value="Java Virtual Machine Specification"/>
    <property name="native.encoding" value="UTF-8"/>
    <property name="java.library.path" value="/Users/q/Library/Java/Extensions:/Library/Java/Extensions:/Network/Library/Java/Extensions:/System/Library/Java/Extensions:/usr/lib/java:."/>
    <property name="java.vm.info" value="mixed mode, sharing"/>
    <property name="stderr.encoding" value="UTF-8"/>
    <property name="java.vendor" value="Homebrew"/>
    <property name="java.vm.version" value="23.0.2"/>
    <property name="sun.io.unicode.encoding" value="UnicodeBig"/>
    <property name="socksNonProxyHosts" value="192.168.0.0/16|*.192.168.0.0/16|10.0.0.0/8|*.10.0.0.0/8|172.16.0.0/12|*.172.16.0.0/12|127.0.0.1|localhost|*.localhost|local|*.local|timestamp.apple.com|*.timestamp.apple.com|sequoia.apple.com|*.sequoia.apple.com|seed-sequoia.siri.apple.com|*.seed-sequoia.siri.apple.com"/>
    <property name="java.class.version" value="67.0"/>
    <property name="http.proxyPort" value="7890"/>
  </properties>
  <testcase name="testCookie" classname="cn.qaiu.util.AcwScV2GeneratorTest" time="0.0"/>
</testsuite>